<?xml version="1.0" encoding="UTF-8"?>
<!-- Generated by org.testng.reporters.JUnitReportReporter -->
<testsuite hostname="LAPTOP-NS62KLMK" failures="0" tests="5" name="org.opencart.runner.TestRunner" time="50.982" errors="0" timestamp="2023-07-22T23:40:13 IST" skipped="0">
  <testcase classname="org.opencart.runner.TestRunner" name="runScenario" time="10.642"/>
  <system-out/>
  <testcase classname="org.opencart.runner.TestRunner" name="runScenario" time="10.439"/>
  <system-out/>
  <testcase classname="org.opencart.runner.TestRunner" name="runScenario" time="10.297"/>
  <system-out/>
  <testcase classname="org.opencart.runner.TestRunner" name="runScenario" time="9.858"/>
  <system-out/>
  <testcase classname="org.opencart.runner.TestRunner" name="runScenario" time="9.746"/>
  <system-out/>
</testsuite> <!-- org.opencart.runner.TestRunner -->
